{"numFailedTestSuites":0,"numFailedTests":0,"numPassedTestSuites":1,"numPassedTests":3,"numPendingTestSuites":0,"numPendingTests":0,"numRuntimeErrorTestSuites":0,"numTotalTestSuites":1,"numTotalTests":3,"openHandles":[],"snapshot":{"added":0,"didUpdate":false,"failure":false,"filesAdded":0,"filesRemoved":0,"filesUnmatched":0,"filesUpdated":0,"matched":0,"total":0,"unchecked":0,"uncheckedKeysByFile":[],"unmatched":0,"updated":0},"startTime":1536958070251,"success":true,"testResults":[{"assertionResults":[{"ancestorTitles":["first test express","GET /api/findForms"],"failureMessages":[],"fullName":"first test express GET /api/findForms show be 200 OK","location":null,"status":"passed","title":"show be 200 OK"},{"ancestorTitles":["first test express","GET /api/formItems"],"failureMessages":[],"fullName":"first test express GET /api/formItems show be 200 OK and _id must be ObjectId","location":null,"status":"passed","title":"show be 200 OK and _id must be ObjectId"},{"ancestorTitles":["first test express","GET /api/formItems"],"failureMessages":[],"fullName":"first test express GET /api/formItems show 404 if not existed URL","location":null,"status":"passed","title":"show 404 if not existed URL"}],"endTime":1536958081139,"message":"","name":"/Users/macuser/Documents/GitHub/zhurrency_back/__tests__/integration/first.test.js","startTime":1536958071617,"status":"passed","summary":""}],"wasInterrupted":false}